<?xml version="1.0" encoding="UTF-8"?>
<!-- Generated by org.testng.reporters.JUnitReportReporter -->
<testsuite skipped="0" hostname="LanTian" name="com.tao.course.cases.LoginTest" tests="2" failures="0" timestamp="21 Jul 2020 04:28:05 GMT" time="1.370" errors="0">
  <testcase name="loginFalse" time="0.054" classname="com.tao.course.cases.LoginTest"/>
  <testcase name="loginTrue" time="1.316" classname="com.tao.course.cases.LoginTest"/>
</testsuite> <!-- com.tao.course.cases.LoginTest -->
