<?xml version="1.0" encoding="UTF-8"?>
<!-- Generated by org.testng.reporters.JUnitReportReporter -->
<testsuite skipped="0" hostname="LanTian" name="com.tao.course.cases.GetUserInfoTest" tests="1" failures="0" timestamp="21 Jul 2020 04:28:05 GMT" time="2.179" errors="0">
  <testcase name="getUserInfo" time="2.179" classname="com.tao.course.cases.GetUserInfoTest"/>
</testsuite> <!-- com.tao.course.cases.GetUserInfoTest -->
