<?xml version="1.0" encoding="UTF-8"?>
<!-- Generated by org.testng.reporters.JUnitReportReporter -->
<testsuite skipped="0" hostname="LanTian" name="com.tao.course.cases.GetUserInfoListTest" tests="1" failures="0" timestamp="21 Jul 2020 04:28:05 GMT" time="2.055" errors="0">
  <testcase name="getUserListInfo" time="2.055" classname="com.tao.course.cases.GetUserInfoListTest"/>
</testsuite> <!-- com.tao.course.cases.GetUserInfoListTest -->
